0 info it worked if it ends with ok
1 verbose cli [ 'node',
1 verbose cli   '/usr/local/bin/npm',
1 verbose cli   'install',
1 verbose cli   '-g',
1 verbose cli   'underscore',
1 verbose cli   'underscore.string' ]
2 info using npm@1.4.28
3 info using node@v0.10.33
4 verbose cache add [ 'underscore', null ]
5 verbose cache add name=undefined spec="underscore" args=["underscore",null]
6 verbose parsed url { protocol: null,
6 verbose parsed url   slashes: null,
6 verbose parsed url   auth: null,
6 verbose parsed url   host: null,
6 verbose parsed url   port: null,
6 verbose parsed url   hostname: null,
6 verbose parsed url   hash: null,
6 verbose parsed url   search: null,
6 verbose parsed url   query: null,
6 verbose parsed url   pathname: 'underscore',
6 verbose parsed url   path: 'underscore',
6 verbose parsed url   href: 'underscore' }
7 verbose cache add [ 'underscore.string', null ]
8 verbose cache add name=undefined spec="underscore.string" args=["underscore.string",null]
9 verbose parsed url { protocol: null,
9 verbose parsed url   slashes: null,
9 verbose parsed url   auth: null,
9 verbose parsed url   host: null,
9 verbose parsed url   port: null,
9 verbose parsed url   hostname: null,
9 verbose parsed url   hash: null,
9 verbose parsed url   search: null,
9 verbose parsed url   query: null,
9 verbose parsed url   pathname: 'underscore.string',
9 verbose parsed url   path: 'underscore.string',
9 verbose parsed url   href: 'underscore.string' }
10 silly lockFile 64bc6893-underscore underscore
11 verbose lock underscore /Users/tom/.npm/64bc6893-underscore.lock
12 silly lockFile 7e3f13b5-underscore-string underscore.string
13 verbose lock underscore.string /Users/tom/.npm/7e3f13b5-underscore-string.lock
14 silly lockFile 64bc6893-underscore underscore
15 silly lockFile 64bc6893-underscore underscore
16 silly lockFile 7e3f13b5-underscore-string underscore.string
17 silly lockFile 7e3f13b5-underscore-string underscore.string
18 verbose addNamed [ 'underscore', '' ]
19 verbose addNamed [ null, '*' ]
20 silly lockFile 7629b758-underscore underscore@
21 verbose lock underscore@ /Users/tom/.npm/7629b758-underscore.lock
22 verbose addNamed [ 'underscore.string', '' ]
23 verbose addNamed [ null, '*' ]
24 silly lockFile 827a2736-underscore-string underscore.string@
25 verbose lock underscore.string@ /Users/tom/.npm/827a2736-underscore-string.lock
26 silly addNameRange { name: 'underscore', range: '*', hasData: false }
27 silly addNameRange { name: 'underscore.string', range: '*', hasData: false }
28 verbose request where is /underscore
29 verbose request registry https://registry.npmjs.org/
30 verbose request id 0d59fb85a9aa0e35
31 verbose url raw /underscore
32 verbose url resolving [ 'https://registry.npmjs.org/', './underscore' ]
33 verbose url resolved https://registry.npmjs.org/underscore
34 verbose request where is https://registry.npmjs.org/underscore
35 info trying registry request attempt 1 at 22:13:32
36 verbose etag "96VS001SLHKBCASK4663K1WGO"
37 http GET https://registry.npmjs.org/underscore
38 verbose request where is /underscore.string
39 verbose request registry https://registry.npmjs.org/
40 verbose url raw /underscore.string
41 verbose url resolving [ 'https://registry.npmjs.org/', './underscore.string' ]
42 verbose url resolved https://registry.npmjs.org/underscore.string
43 verbose request where is https://registry.npmjs.org/underscore.string
44 info trying registry request attempt 1 at 22:13:32
45 verbose etag "7EANIHS0TN9L7RYMR2Z0B7WPT"
46 http GET https://registry.npmjs.org/underscore.string
47 http 304 https://registry.npmjs.org/underscore
48 silly registry.get cb [ 304,
48 silly registry.get   { date: 'Mon, 22 Dec 2014 12:13:33 GMT',
48 silly registry.get     server: 'Apache',
48 silly registry.get     via: '1.1 varnish',
48 silly registry.get     'last-modified': 'Mon, 22 Dec 2014 12:05:28 GMT',
48 silly registry.get     'cache-control': 'max-age=60',
48 silly registry.get     etag: '"96VS001SLHKBCASK4663K1WGO"',
48 silly registry.get     age: '41',
48 silly registry.get     'x-served-by': 'cache-syd1620-SYD',
48 silly registry.get     'x-cache': 'HIT',
48 silly registry.get     'x-cache-hits': '31',
48 silly registry.get     'x-timer': 'S1419250413.786624,VS0,VE0',
48 silly registry.get     vary: 'Accept',
48 silly registry.get     'content-length': '0',
48 silly registry.get     'keep-alive': 'timeout=10, max=50',
48 silly registry.get     connection: 'Keep-Alive' } ]
49 verbose etag https://registry.npmjs.org/underscore from cache
50 http 304 https://registry.npmjs.org/underscore.string
51 silly registry.get cb [ 304,
51 silly registry.get   { date: 'Mon, 22 Dec 2014 12:13:33 GMT',
51 silly registry.get     server: 'Apache',
51 silly registry.get     via: '1.1 varnish',
51 silly registry.get     'last-modified': 'Mon, 22 Dec 2014 12:13:06 GMT',
51 silly registry.get     'cache-control': 'max-age=60',
51 silly registry.get     etag: '"7EANIHS0TN9L7RYMR2Z0B7WPT"',
51 silly registry.get     age: '28',
51 silly registry.get     'x-served-by': 'cache-syd1621-SYD',
51 silly registry.get     'x-cache': 'HIT',
51 silly registry.get     'x-cache-hits': '2',
51 silly registry.get     'x-timer': 'S1419250413.792454,VS0,VE0',
51 silly registry.get     vary: 'Accept',
51 silly registry.get     'content-length': '0',
51 silly registry.get     'keep-alive': 'timeout=10, max=50',
51 silly registry.get     connection: 'Keep-Alive' } ]
52 verbose etag https://registry.npmjs.org/underscore.string from cache
53 silly addNameRange number 2 { name: 'underscore', range: '*', hasData: true }
54 silly addNameRange versions [ 'underscore',
54 silly addNameRange   [ '1.0.3',
54 silly addNameRange     '1.0.4',
54 silly addNameRange     '1.1.0',
54 silly addNameRange     '1.1.1',
54 silly addNameRange     '1.1.2',
54 silly addNameRange     '1.1.3',
54 silly addNameRange     '1.1.4',
54 silly addNameRange     '1.1.5',
54 silly addNameRange     '1.1.6',
54 silly addNameRange     '1.1.7',
54 silly addNameRange     '1.2.0',
54 silly addNameRange     '1.2.1',
54 silly addNameRange     '1.2.2',
54 silly addNameRange     '1.2.3',
54 silly addNameRange     '1.2.4',
54 silly addNameRange     '1.3.0',
54 silly addNameRange     '1.3.1',
54 silly addNameRange     '1.3.2',
54 silly addNameRange     '1.3.3',
54 silly addNameRange     '1.4.0',
54 silly addNameRange     '1.4.1',
54 silly addNameRange     '1.4.2',
54 silly addNameRange     '1.4.3',
54 silly addNameRange     '1.4.4',
54 silly addNameRange     '1.5.0',
54 silly addNameRange     '1.5.1',
54 silly addNameRange     '1.5.2',
54 silly addNameRange     '1.6.0',
54 silly addNameRange     '1.7.0' ] ]
55 verbose addNamed [ 'underscore', '1.7.0' ]
56 verbose addNamed [ '1.7.0', '1.7.0' ]
57 silly lockFile 900da168-underscore-1-7-0 underscore@1.7.0
58 verbose lock underscore@1.7.0 /Users/tom/.npm/900da168-underscore-1-7-0.lock
59 silly addNameRange number 2 { name: 'underscore.string', range: '*', hasData: true }
60 silly addNameRange versions [ 'underscore.string',
60 silly addNameRange   [ '0.9.2',
60 silly addNameRange     '1.0.0',
60 silly addNameRange     '1.1.3',
60 silly addNameRange     '1.1.4',
60 silly addNameRange     '1.1.5',
60 silly addNameRange     '1.1.6',
60 silly addNameRange     '2.0.0',
60 silly addNameRange     '2.1.0',
60 silly addNameRange     '2.1.1',
60 silly addNameRange     '2.3.0',
60 silly addNameRange     '2.3.1',
60 silly addNameRange     '2.3.2',
60 silly addNameRange     '2.2.1',
60 silly addNameRange     '2.2.0-rc',
60 silly addNameRange     '2.3.3',
60 silly addNameRange     '2.4.0' ] ]
61 verbose addNamed [ 'underscore.string', '2.4.0' ]
62 verbose addNamed [ '2.4.0', '2.4.0' ]
63 silly lockFile 6b6a49b4-underscore-string-2-4-0 underscore.string@2.4.0
64 verbose lock underscore.string@2.4.0 /Users/tom/.npm/6b6a49b4-underscore-string-2-4-0.lock
65 silly lockFile 900da168-underscore-1-7-0 underscore@1.7.0
66 silly lockFile 900da168-underscore-1-7-0 underscore@1.7.0
67 silly lockFile 7629b758-underscore underscore@
68 silly lockFile 7629b758-underscore underscore@
69 silly lockFile 6b6a49b4-underscore-string-2-4-0 underscore.string@2.4.0
70 silly lockFile 6b6a49b4-underscore-string-2-4-0 underscore.string@2.4.0
71 silly lockFile 827a2736-underscore-string underscore.string@
72 silly lockFile 827a2736-underscore-string underscore.string@
73 silly resolved [ { name: 'underscore',
73 silly resolved     description: 'JavaScript\'s functional programming helper library.',
73 silly resolved     homepage: 'http://underscorejs.org',
73 silly resolved     keywords: [ 'util', 'functional', 'server', 'client', 'browser' ],
73 silly resolved     author: { name: 'Jeremy Ashkenas', email: 'jeremy@documentcloud.org' },
73 silly resolved     repository:
73 silly resolved      { type: 'git',
73 silly resolved        url: 'git://github.com/jashkenas/underscore.git' },
73 silly resolved     main: 'underscore.js',
73 silly resolved     version: '1.7.0',
73 silly resolved     devDependencies:
73 silly resolved      { docco: '0.6.x',
73 silly resolved        phantomjs: '1.9.7-1',
73 silly resolved        'uglify-js': '2.4.x',
73 silly resolved        eslint: '0.6.x' },
73 silly resolved     scripts:
73 silly resolved      { test: 'phantomjs test/vendor/runner.js test/index.html?noglobals=true && eslint underscore.js test/*.js test/vendor/runner.js',
73 silly resolved        build: 'uglifyjs underscore.js -c "evaluate=false" --comments "/    .*/" -m --source-map underscore-min.map -o underscore-min.js',
73 silly resolved        doc: 'docco underscore.js' },
73 silly resolved     licenses: [ [Object] ],
73 silly resolved     files: [ 'underscore.js', 'underscore-min.js', 'LICENSE' ],
73 silly resolved     gitHead: 'da996e665deb0b69b257e80e3e257c04fde4191c',
73 silly resolved     bugs: { url: 'https://github.com/jashkenas/underscore/issues' },
73 silly resolved     _id: 'underscore@1.7.0',
73 silly resolved     _shasum: '6bbaf0877500d36be34ecaa584e0db9fef035209',
73 silly resolved     _from: 'underscore@',
73 silly resolved     _npmVersion: '1.4.24',
73 silly resolved     _npmUser: { name: 'jashkenas', email: 'jashkenas@gmail.com' },
73 silly resolved     maintainers: [ [Object] ],
73 silly resolved     dist:
73 silly resolved      { shasum: '6bbaf0877500d36be34ecaa584e0db9fef035209',
73 silly resolved        tarball: 'http://registry.npmjs.org/underscore/-/underscore-1.7.0.tgz' },
73 silly resolved     directories: {},
73 silly resolved     _resolved: 'https://registry.npmjs.org/underscore/-/underscore-1.7.0.tgz',
73 silly resolved     readme: 'ERROR: No README data found!' },
73 silly resolved   { name: 'underscore.string',
73 silly resolved     version: '2.4.0',
73 silly resolved     description: 'String manipulation extensions for Underscore.js javascript library.',
73 silly resolved     homepage: 'http://epeli.github.com/underscore.string/',
73 silly resolved     contributors:
73 silly resolved      [ [Object],
73 silly resolved        [Object],
73 silly resolved        [Object],
73 silly resolved        [Object],
73 silly resolved        [Object],
73 silly resolved        [Object],
73 silly resolved        [Object],
73 silly resolved        [Object] ],
73 silly resolved     keywords: [ 'underscore', 'string' ],
73 silly resolved     main: './lib/underscore.string.js',
73 silly resolved     directories: { lib: './lib' },
73 silly resolved     engines: { node: '*' },
73 silly resolved     repository:
73 silly resolved      { type: 'git',
73 silly resolved        url: 'https://github.com/epeli/underscore.string.git' },
73 silly resolved     bugs: { url: 'https://github.com/epeli/underscore.string/issues' },
73 silly resolved     licenses: [ [Object] ],
73 silly resolved     scripts: { test: 'gulp test' },
73 silly resolved     devDependencies:
73 silly resolved      { gulp: '~3.8.10',
73 silly resolved        'gulp-uglify': '~1.0.1',
73 silly resolved        'gulp-qunit': '~1.0.0',
73 silly resolved        'gulp-clean': '~0.3.1',
73 silly resolved        'gulp-rename': '~1.2.0' },
73 silly resolved     _id: 'underscore.string@2.4.0',
73 silly resolved     dist:
73 silly resolved      { shasum: '8cdd8fbac4e2d2ea1e7e2e8097c42f442280f85b',
73 silly resolved        tarball: 'http://registry.npmjs.org/underscore.string/-/underscore.string-2.4.0.tgz' },
73 silly resolved     _from: 'underscore.string@',
73 silly resolved     _npmVersion: '1.3.24',
73 silly resolved     _npmUser: { name: 'epeli', email: 'esa-matti@suuronen.org' },
73 silly resolved     maintainers: [ [Object], [Object], [Object] ],
73 silly resolved     _shasum: '8cdd8fbac4e2d2ea1e7e2e8097c42f442280f85b',
73 silly resolved     _resolved: 'https://registry.npmjs.org/underscore.string/-/underscore.string-2.4.0.tgz',
73 silly resolved     readme: 'ERROR: No README data found!' } ]
74 info install underscore@1.7.0 into /usr/local/lib
75 info install underscore.string@2.4.0 into /usr/local/lib
76 info installOne underscore@1.7.0
77 info installOne underscore.string@2.4.0
78 verbose lib/node_modules/underscore unbuild
79 verbose lib/node_modules/underscore.string unbuild
80 verbose tar unpack /Users/tom/.npm/underscore/1.7.0/package.tgz
81 silly lockFile a88949b5-ocal-lib-node-modules-underscore tar:///usr/local/lib/node_modules/underscore
82 verbose lock tar:///usr/local/lib/node_modules/underscore /Users/tom/.npm/a88949b5-ocal-lib-node-modules-underscore.lock
83 silly lockFile f1dfde53-npm-underscore-1-7-0-package-tgz tar:///Users/tom/.npm/underscore/1.7.0/package.tgz
84 verbose lock tar:///Users/tom/.npm/underscore/1.7.0/package.tgz /Users/tom/.npm/f1dfde53-npm-underscore-1-7-0-package-tgz.lock
85 verbose tar unpack /Users/tom/.npm/underscore.string/2.4.0/package.tgz
86 silly lockFile 2cf31d87-b-node-modules-underscore-string tar:///usr/local/lib/node_modules/underscore.string
87 verbose lock tar:///usr/local/lib/node_modules/underscore.string /Users/tom/.npm/2cf31d87-b-node-modules-underscore-string.lock
88 silly lockFile 0c535622-erscore-string-2-4-0-package-tgz tar:///Users/tom/.npm/underscore.string/2.4.0/package.tgz
89 verbose lock tar:///Users/tom/.npm/underscore.string/2.4.0/package.tgz /Users/tom/.npm/0c535622-erscore-string-2-4-0-package-tgz.lock
90 silly gunzTarPerm modes [ '755', '644' ]
91 silly gunzTarPerm modes [ '755', '644' ]
92 error Error: EACCES, mkdir '/usr/local/lib/node_modules/underscore.string'
92 error  { [Error: EACCES, mkdir '/usr/local/lib/node_modules/underscore.string']
92 error   errno: 3,
92 error   code: 'EACCES',
92 error   path: '/usr/local/lib/node_modules/underscore.string',
92 error   fstream_type: 'Directory',
92 error   fstream_path: '/usr/local/lib/node_modules/underscore.string',
92 error   fstream_class: 'DirWriter',
92 error   fstream_stack:
92 error    [ '/usr/local/lib/node_modules/npm/node_modules/fstream/lib/dir-writer.js:36:23',
92 error      '/usr/local/lib/node_modules/npm/node_modules/mkdirp/index.js:46:53',
92 error      'Object.oncomplete (fs.js:107:15)' ] }
93 error Please try running this command again as root/Administrator.
94 error System Darwin 14.0.0
95 error command "node" "/usr/local/bin/npm" "install" "-g" "underscore" "underscore.string"
96 error cwd /Users/tom/Programming/crud/public/libs/bootstrap/dist/js
97 error node -v v0.10.33
98 error npm -v 1.4.28
99 error path /usr/local/lib/node_modules/underscore.string
100 error fstream_path /usr/local/lib/node_modules/underscore.string
101 error fstream_type Directory
102 error fstream_class DirWriter
103 error code EACCES
104 error errno 3
105 error stack Error: EACCES, mkdir '/usr/local/lib/node_modules/underscore.string'
106 error fstream_stack /usr/local/lib/node_modules/npm/node_modules/fstream/lib/dir-writer.js:36:23
106 error fstream_stack /usr/local/lib/node_modules/npm/node_modules/mkdirp/index.js:46:53
106 error fstream_stack Object.oncomplete (fs.js:107:15)
107 verbose exit [ 3, true ]
